<?xml version="1.0" encoding="UTF-8"?>
<testsuite name="taxipark.TestTask4SmartPassengers" tests="12" skipped="0" failures="0" errors="0" timestamp="2020-07-23T10:48:53" hostname="raystatic-HP-Notebook" time="0.104">
  <properties/>
  <testcase name="test00" classname="taxipark.TestTask4SmartPassengers" time="0.073"/>
  <testcase name="test01" classname="taxipark.TestTask4SmartPassengers" time="0.004"/>
  <testcase name="test02" classname="taxipark.TestTask4SmartPassengers" time="0.002"/>
  <testcase name="test03" classname="taxipark.TestTask4SmartPassengers" time="0.001"/>
  <testcase name="test04" classname="taxipark.TestTask4SmartPassengers" time="0.002"/>
  <testcase name="test05" classname="taxipark.TestTask4SmartPassengers" time="0.001"/>
  <testcase name="test06" classname="taxipark.TestTask4SmartPassengers" time="0.001"/>
  <testcase name="test07" classname="taxipark.TestTask4SmartPassengers" time="0.001"/>
  <testcase name="test08" classname="taxipark.TestTask4SmartPassengers" time="0.001"/>
  <testcase name="test09" classname="taxipark.TestTask4SmartPassengers" time="0.006"/>
  <testcase name="test10" classname="taxipark.TestTask4SmartPassengers" time="0.003"/>
  <testcase name="test11" classname="taxipark.TestTask4SmartPassengers" time="0.002"/>
  <system-out><![CDATA[]]></system-out>
  <system-err><![CDATA[]]></system-err>
</testsuite>
