<?xml version="1.0" encoding="UTF-8"?>
<testsuite name="taxipark.TestTask6ParetoPrinciple" tests="11" skipped="0" failures="0" errors="0" timestamp="2020-07-23T10:48:54" hostname="raystatic-HP-Notebook" time="0.027">
  <properties/>
  <testcase name="test1" classname="taxipark.TestTask6ParetoPrinciple" time="0.006"/>
  <testcase name="test2" classname="taxipark.TestTask6ParetoPrinciple" time="0.001"/>
  <testcase name="test3" classname="taxipark.TestTask6ParetoPrinciple" time="0.001"/>
  <testcase name="test4" classname="taxipark.TestTask6ParetoPrinciple" time="0.001"/>
  <testcase name="test5" classname="taxipark.TestTask6ParetoPrinciple" time="0.002"/>
  <testcase name="test7" classname="taxipark.TestTask6ParetoPrinciple" time="0.003"/>
  <testcase name="test8" classname="taxipark.TestTask6ParetoPrinciple" time="0.002"/>
  <testcase name="test9" classname="taxipark.TestTask6ParetoPrinciple" time="0.002"/>
  <testcase name="testParetoPrincipleFails" classname="taxipark.TestTask6ParetoPrinciple" time="0.001"/>
  <testcase name="testParetoPrincipleNoTrips" classname="taxipark.TestTask6ParetoPrinciple" time="0.001"/>
  <testcase name="testParetoPrincipleSucceeds" classname="taxipark.TestTask6ParetoPrinciple" time="0.001"/>
  <system-out><![CDATA[]]></system-out>
  <system-err><![CDATA[]]></system-err>
</testsuite>
