<?xml version="1.0" encoding="UTF-8"?>
<testsuite name="games.game2048.TestGame2048" tests="1" skipped="0" failures="0" errors="0" timestamp="2020-07-23T18:12:09" hostname="raystatic-HP-Notebook" time="0.033">
  <properties/>
  <testcase name="testMoves" classname="games.game2048.TestGame2048" time="0.033"/>
  <system-out><![CDATA[]]></system-out>
  <system-err><![CDATA[]]></system-err>
</testsuite>
